2026-06-26T09:03:51.180Z [INFO]: Logger initialized successfully
2026-06-26T09:03:51.435Z [INFO]: Connected to the database
2026-06-26T09:05:28.135Z [INFO]: Logger initialized successfully
2026-06-26T09:05:28.300Z [INFO]: Connected to the database
2026-06-26T09:05:28.317Z [INFO]: Express http server listening on port 4000
2026-06-26T09:05:28.318Z [INFO]: Application started successfully
2026-06-26T09:08:00.337Z [INFO]: GET /
2026-06-26T09:08:00.409Z [INFO]: GET /login
2026-06-26T09:08:00.554Z [INFO]: GET /vendor/bootstrap/bootstrap.css
2026-06-26T09:08:00.561Z [INFO]: GET /vendor/theme/font-awesome/css/font-awesome.min.css
2026-06-26T09:08:00.566Z [INFO]: GET /vendor/theme/sb-admin.css
2026-06-26T09:08:00.577Z [INFO]: GET /vendor/jquery.min.js
2026-06-26T09:08:00.582Z [INFO]: GET /images/owasplogo.png
2026-06-26T09:08:00.597Z [INFO]: GET /vendor/bootstrap/bootstrap.js
2026-06-26T09:08:00.793Z [INFO]: GET /vendor/theme/font-awesome/fonts/fontawesome-webfont.woff?v=4.0.1
2026-06-26T09:08:24.308Z [INFO]: POST /login
2026-06-26T09:08:32.640Z [INFO]: GET /signup
2026-06-26T09:08:32.687Z [INFO]: GET /vendor/bootstrap/bootstrap.css
2026-06-26T09:08:32.693Z [INFO]: GET /vendor/theme/sb-admin.css
2026-06-26T09:08:32.695Z [INFO]: GET /vendor/theme/font-awesome/css/font-awesome.min.css
2026-06-26T09:08:32.704Z [INFO]: GET /vendor/jquery.min.js
2026-06-26T09:08:32.706Z [INFO]: GET /vendor/bootstrap/bootstrap.js
2026-06-26T09:08:58.078Z [INFO]: POST /signup
2026-06-26T09:09:05.940Z [INFO]: GET /signup
2026-06-26T09:09:05.976Z [INFO]: GET /vendor/bootstrap/bootstrap.css
2026-06-26T09:09:05.986Z [INFO]: GET /vendor/theme/sb-admin.css
2026-06-26T09:09:05.989Z [INFO]: GET /vendor/theme/font-awesome/css/font-awesome.min.css
2026-06-26T09:09:05.994Z [INFO]: GET /vendor/jquery.min.js
2026-06-26T09:09:05.999Z [INFO]: GET /vendor/bootstrap/bootstrap.js
2026-06-26T09:09:08.764Z [INFO]: GET /login
2026-06-26T09:09:08.795Z [INFO]: GET /vendor/bootstrap/bootstrap.css
2026-06-26T09:09:08.800Z [INFO]: GET /vendor/theme/sb-admin.css
2026-06-26T09:09:08.807Z [INFO]: GET /vendor/theme/font-awesome/css/font-awesome.min.css
2026-06-26T09:09:08.816Z [INFO]: GET /vendor/jquery.min.js
2026-06-26T09:09:08.823Z [INFO]: GET /images/owasplogo.png
2026-06-26T09:09:08.824Z [INFO]: GET /vendor/bootstrap/bootstrap.js
2026-07-13T05:45:13.293Z [INFO]: Logger initialized successfully
2026-07-13T05:45:13.453Z [ERROR]: Error: DB: connect
2026-07-13T05:50:20.109Z [INFO]: Logger initialized successfully
2026-07-13T05:50:20.218Z [INFO]: Connected to the database
2026-07-13T05:50:20.251Z [INFO]: Express http server listening on port 4000
2026-07-13T05:50:20.251Z [INFO]: Application started successfully
2026-07-13T05:58:52.092Z [INFO]: Logger initialized successfully
2026-07-13T05:58:52.210Z [INFO]: Connected to the database
2026-07-13T05:58:52.220Z [INFO]: Express http server listening on port 4000
2026-07-13T05:58:52.220Z [INFO]: Application started successfully with Week 4 security enhancements
2026-07-13T05:59:37.084Z [INFO]: GET / - IP: ::1
2026-07-13T05:59:37.116Z [INFO]: GET /login - IP: ::1
2026-07-13T05:59:37.150Z [INFO]: GET /vendor/bootstrap/bootstrap.css - IP: ::1
2026-07-13T05:59:37.158Z [INFO]: GET /vendor/theme/sb-admin.css - IP: ::1
2026-07-13T05:59:37.159Z [INFO]: GET /vendor/theme/font-awesome/css/font-awesome.min.css - IP: ::1
2026-07-13T05:59:37.162Z [INFO]: GET /vendor/jquery.min.js - IP: ::1
2026-07-13T05:59:37.180Z [INFO]: GET /images/owasplogo.png - IP: ::1
2026-07-13T05:59:37.180Z [INFO]: GET /vendor/bootstrap/bootstrap.js - IP: ::1
2026-07-13T05:59:37.218Z [INFO]: GET /vendor/theme/font-awesome/fonts/fontawesome-webfont.woff?v=4.0.1 - IP: ::1
2026-07-13T06:03:26.419Z [INFO]: GET /signup - IP: ::1
2026-07-13T06:03:26.450Z [INFO]: GET /vendor/bootstrap/bootstrap.css - IP: ::1
2026-07-13T06:03:26.459Z [INFO]: GET /vendor/theme/sb-admin.css - IP: ::1
2026-07-13T06:03:26.460Z [INFO]: GET /vendor/theme/font-awesome/css/font-awesome.min.css - IP: ::1
2026-07-13T06:03:26.460Z [INFO]: GET /vendor/jquery.min.js - IP: ::1
2026-07-13T06:03:26.463Z [INFO]: GET /vendor/bootstrap/bootstrap.js - IP: ::1
2026-07-13T06:03:41.657Z [INFO]: POST /signup - IP: ::1
2026-07-13T06:03:49.087Z [INFO]: GET /login - IP: ::1
2026-07-13T06:03:49.105Z [INFO]: GET /vendor/bootstrap/bootstrap.css - IP: ::1
2026-07-13T06:03:49.109Z [INFO]: GET /vendor/theme/sb-admin.css - IP: ::1
2026-07-13T06:03:49.110Z [INFO]: GET /vendor/theme/font-awesome/css/font-awesome.min.css - IP: ::1
2026-07-13T06:03:49.115Z [INFO]: GET /vendor/jquery.min.js - IP: ::1
2026-07-13T06:03:49.123Z [INFO]: GET /images/owasplogo.png - IP: ::1
2026-07-13T06:03:49.124Z [INFO]: GET /vendor/bootstrap/bootstrap.js - IP: ::1
2026-07-13T06:03:59.069Z [INFO]: POST /login - IP: ::1
2026-07-13T06:05:15.422Z [INFO]: GET /.well-known/appspecific/com.chrome.devtools.json - IP: ::1
2026-07-13T06:06:00.086Z [INFO]: POST /login - IP: ::1
2026-07-13T06:06:00.182Z [INFO]: GET /.well-known/appspecific/com.chrome.devtools.json - IP: ::1
2026-07-13T06:06:04.894Z [INFO]: POST /login - IP: ::1
2026-07-13T06:06:04.959Z [INFO]: GET /.well-known/appspecific/com.chrome.devtools.json - IP: ::1
2026-07-13T06:07:23.826Z [WARN]: Login rate limit exceeded for IP: ::1
2026-07-13T06:07:23.904Z [INFO]: GET /.well-known/appspecific/com.chrome.devtools.json - IP: ::1
2026-07-13T06:07:25.258Z [WARN]: Login rate limit exceeded for IP: ::1
2026-07-13T06:07:25.302Z [INFO]: GET /.well-known/appspecific/com.chrome.devtools.json - IP: ::1
2026-07-13T06:07:26.303Z [WARN]: Login rate limit exceeded for IP: ::1
2026-07-13T06:07:26.364Z [INFO]: GET /.well-known/appspecific/com.chrome.devtools.json - IP: ::1
2026-07-13T06:08:38.122Z [WARN]: Login rate limit exceeded for IP: ::1
2026-07-13T06:13:10.112Z [INFO]: Logger initialized successfully
2026-07-13T06:13:10.332Z [INFO]: Connected to the database
2026-07-13T06:13:58.067Z [INFO]: Logger initialized successfully
2026-07-13T06:13:58.267Z [INFO]: Connected to the database
2026-07-13T06:13:58.275Z [INFO]: Express http server listening on port 4000
2026-07-13T06:13:58.275Z [INFO]: Application started successfully with Week 4 & 5 security enhancements
